This is XeTeX, Version 3.141592653-2.6-0.999997 (MiKTeX 25.4) (preloaded format=xelatex 2025.11.27)  30 DEC 2025 12:06
entering extended mode
 restricted \write18 enabled.
 %&-line parsing enabled.
**"c:/Users/Bagus Alifah Hasyim/Documents/Computational Engineering RUB/05 - 01
 Fracture Mechanics/_Assignment 1/Report/Fracture-A1/main.tex"

(c:/Users/Bagus Alifah Hasyim/Documents/Computational Engineering RUB/05 - 01 F
racture Mechanics/_Assignment 1/Report/Fracture-A1/main.tex
LaTeX2e <2024-11-01> patch level 2
L3 programming layer <2025-04-29>

(C:\Users\Bagus Alifah Hasyim\AppData\Local\Programs\MiKTeX\tex/latex/base\arti
cle.cls
Document Class: article 2024/06/29 v1.4n Standard LaTeX document class

(C:\Users\Bagus Alifah Hasyim\AppData\Local\Programs\MiKTeX\tex/latex/base\size
12.clo
File: size12.clo 2024/06/29 v1.4n Standard LaTeX file (size option)
)
\c@part=\count268
\c@section=\count269
\c@subsection=\count270
\c@subsubsection=\count271
\c@paragraph=\count272
\c@subparagraph=\count273
\c@figure=\count274
\c@table=\count275
\abovecaptionskip=\skip49
\belowcaptionskip=\skip50
\bibindent=\dimen146
)
(C:\Users\Bagus Alifah Hasyim\AppData\Local\Programs\MiKTeX\tex/latex/graphics\
graphicx.sty
Package: graphicx 2021/09/16 v1.2d Enhanced LaTeX Graphics (DPC,SPQR)

(C:\Users\Bagus Alifah Hasyim\AppData\Local\Programs\MiKTeX\tex/latex/graphics\
keyval.sty
Package: keyval 2022/05/29 v1.15 key=value parser (DPC)
\KV@toks@=\toks17
)
(C:\Users\Bagus Alifah Hasyim\AppData\Local\Programs\MiKTeX\tex/latex/graphics\
graphics.sty
Package: graphics 2024/08/06 v1.4g Standard LaTeX Graphics (DPC,SPQR)

(C:\Users\Bagus Alifah Hasyim\AppData\Local\Programs\MiKTeX\tex/latex/graphics\
trig.sty
Package: trig 2023/12/02 v1.11 sin cos tan (DPC)
)
(C:\Users\Bagus Alifah Hasyim\AppData\Local\Programs\MiKTeX\tex/latex/graphics-
cfg\graphics.cfg
File: graphics.cfg 2016/06/04 v1.11 sample graphics configuration
)
Package graphics Info: Driver file: xetex.def on input line 106.

(C:\Users\Bagus Alifah Hasyim\AppData\Local\Programs\MiKTeX\tex/latex/graphics-
def\xetex.def
File: xetex.def 2022/09/22 v5.0n Graphics/color driver for xetex
))
\Gin@req@height=\dimen147
\Gin@req@width=\dimen148
)
(C:\Users\Bagus Alifah Hasyim\AppData\Local\Programs\MiKTeX\tex/latex/caption\c
aption.sty
Package: caption 2023/08/05 v3.6o Customizing captions (AR)

(C:\Users\Bagus Alifah Hasyim\AppData\Local\Programs\MiKTeX\tex/latex/caption\c
aption3.sty
Package: caption3 2023/07/31 v2.4d caption3 kernel (AR)
\caption@tempdima=\dimen149
\captionmargin=\dimen150
\caption@leftmargin=\dimen151
\caption@rightmargin=\dimen152
\caption@width=\dimen153
\caption@indent=\dimen154
\caption@parindent=\dimen155
\caption@hangindent=\dimen156
Package caption Info: Standard document class detected.
)
\c@caption@flags=\count276
\c@continuedfloat=\count277
)
(C:\Users\Bagus Alifah Hasyim\AppData\Local\Programs\MiKTeX\tex/latex/amsmath\a
msmath.sty
Package: amsmath 2024/11/05 v2.17t AMS math features
\@mathmargin=\skip51

For additional information on amsmath, use the `?' option.

(C:\Users\Bagus Alifah Hasyim\AppData\Local\Programs\MiKTeX\tex/latex/amsmath\a
mstext.sty
Package: amstext 2021/08/26 v2.01 AMS text

(C:\Users\Bagus Alifah Hasyim\AppData\Local\Programs\MiKTeX\tex/latex/amsmath\a
msgen.sty
File: amsgen.sty 1999/11/30 v2.0 generic functions
\@emptytoks=\toks18
\ex@=\dimen157
))
(C:\Users\Bagus Alifah Hasyim\AppData\Local\Programs\MiKTeX\tex/latex/amsmath\a
msbsy.sty
Package: amsbsy 1999/11/29 v1.2d Bold Symbols
\pmbraise@=\dimen158
)
(C:\Users\Bagus Alifah Hasyim\AppData\Local\Programs\MiKTeX\tex/latex/amsmath\a
msopn.sty
Package: amsopn 2022/04/08 v2.04 operator names
)
\inf@bad=\count278
LaTeX Info: Redefining \frac on input line 233.
\uproot@=\count279
\leftroot@=\count280
LaTeX Info: Redefining \overline on input line 398.
LaTeX Info: Redefining \colon on input line 409.
\classnum@=\count281
\DOTSCASE@=\count282
LaTeX Info: Redefining \ldots on input line 495.
LaTeX Info: Redefining \dots on input line 498.
LaTeX Info: Redefining \cdots on input line 619.
\Mathstrutbox@=\box53
\strutbox@=\box54
LaTeX Info: Redefining \big on input line 721.
LaTeX Info: Redefining \Big on input line 722.
LaTeX Info: Redefining \bigg on input line 723.
LaTeX Info: Redefining \Bigg on input line 724.
\big@size=\dimen159
LaTeX Font Info:    Redeclaring font encoding OML on input line 742.
LaTeX Font Info:    Redeclaring font encoding OMS on input line 743.
\macc@depth=\count283
LaTeX Info: Redefining \bmod on input line 904.
LaTeX Info: Redefining \pmod on input line 909.
LaTeX Info: Redefining \smash on input line 939.
LaTeX Info: Redefining \relbar on input line 969.
LaTeX Info: Redefining \Relbar on input line 970.
\c@MaxMatrixCols=\count284
\dotsspace@=\muskip17
\c@parentequation=\count285
\dspbrk@lvl=\count286
\tag@help=\toks19
\row@=\count287
\column@=\count288
\maxfields@=\count289
\andhelp@=\toks20
\eqnshift@=\dimen160
\alignsep@=\dimen161
\tagshift@=\dimen162
\tagwidth@=\dimen163
\totwidth@=\dimen164
\lineht@=\dimen165
\@envbody=\toks21
\multlinegap=\skip52
\multlinetaggap=\skip53
\mathdisplay@stack=\toks22
LaTeX Info: Redefining \[ on input line 2953.
LaTeX Info: Redefining \] on input line 2954.
)
(C:\Users\Bagus Alifah Hasyim\AppData\Local\Programs\MiKTeX\tex/latex/geometry\
geometry.sty
Package: geometry 2020/01/02 v5.9 Page Geometry

(C:\Users\Bagus Alifah Hasyim\AppData\Local\Programs\MiKTeX\tex/generic/iftex\i
fvtex.sty
Package: ifvtex 2019/10/25 v1.7 ifvtex legacy package. Use iftex instead.

(C:\Users\Bagus Alifah Hasyim\AppData\Local\Programs\MiKTeX\tex/generic/iftex\i
ftex.sty
Package: iftex 2024/12/12 v1.0g TeX engine tests
))
\Gm@cnth=\count290
\Gm@cntv=\count291
\c@Gm@tempcnt=\count292
\Gm@bindingoffset=\dimen166
\Gm@wd@mp=\dimen167
\Gm@odd@mp=\dimen168
\Gm@even@mp=\dimen169
\Gm@layoutwidth=\dimen170
\Gm@layoutheight=\dimen171
\Gm@layouthoffset=\dimen172
\Gm@layoutvoffset=\dimen173
\Gm@dimlist=\toks23

(C:\Users\Bagus Alifah Hasyim\AppData\Local\Programs\MiKTeX\tex/latex/geometry\
geometry.cfg))
(C:\Users\Bagus Alifah Hasyim\AppData\Local\Programs\MiKTeX\tex/latex/float\flo
at.sty
Package: float 2001/11/08 v1.3d Float enhancements (AL)
\c@float@type=\count293
\float@exts=\toks24
\float@box=\box55
\@float@everytoks=\toks25
\@floatcapt=\box56
)
(C:\Users\Bagus Alifah Hasyim\AppData\Local\Programs\MiKTeX\tex/latex/booktabs\
booktabs.sty
Package: booktabs 2020/01/12 v1.61803398 Publication quality tables
\heavyrulewidth=\dimen174
\lightrulewidth=\dimen175
\cmidrulewidth=\dimen176
\belowrulesep=\dimen177
\belowbottomsep=\dimen178
\aboverulesep=\dimen179
\abovetopsep=\dimen180
\cmidrulesep=\dimen181
\cmidrulekern=\dimen182
\defaultaddspace=\dimen183
\@cmidla=\count294
\@cmidlb=\count295
\@aboverulesep=\dimen184
\@belowrulesep=\dimen185
\@thisruleclass=\count296
\@lastruleclass=\count297
\@thisrulewidth=\dimen186
)
(C:\Users\Bagus Alifah Hasyim\AppData\Local\Programs\MiKTeX\tex/latex/tools\lon
gtable.sty
Package: longtable 2024-10-27 v4.22 Multi-page Table package (DPC)
\LTleft=\skip54
\LTright=\skip55
\LTpre=\skip56
\LTpost=\skip57
\LTchunksize=\count298
\LTcapwidth=\dimen187
\LT@head=\box57
\LT@firsthead=\box58
\LT@foot=\box59
\LT@lastfoot=\box60
\LT@gbox=\box61
\LT@cols=\count299
\LT@rows=\count300
\c@LT@tables=\count301
\c@LT@chunks=\count302
\LT@p@ftn=\toks26
)
(C:\Users\Bagus Alifah Hasyim\AppData\Local\Programs\MiKTeX\tex/latex/setspace\
setspace.sty
Package: setspace 2022/12/04 v6.7b set line spacing
)
(C:\Users\Bagus Alifah Hasyim\AppData\Local\Programs\MiKTeX\tex/latex/tools\ind
entfirst.sty
Package: indentfirst 2023/07/02 v1.03 Indent first paragraph (DPC)
)
(C:\Users\Bagus Alifah Hasyim\AppData\Local\Programs\MiKTeX\tex/latex/titlesec\
titlesec.sty
Package: titlesec 2025/01/04 v2.17 Sectioning titles
\ttl@box=\box62
\beforetitleunit=\skip58
\aftertitleunit=\skip59
\ttl@plus=\dimen188
\ttl@minus=\dimen189
\ttl@toksa=\toks27
\titlewidth=\dimen190
\titlewidthlast=\dimen191
\titlewidthfirst=\dimen192
)
(C:\Users\Bagus Alifah Hasyim\AppData\Local\Programs\MiKTeX\tex/latex/listings\
listings.sty
\lst@mode=\count303
\lst@gtempboxa=\box63
\lst@token=\toks28
\lst@length=\count304
\lst@currlwidth=\dimen193
\lst@column=\count305
\lst@pos=\count306
\lst@lostspace=\dimen194
\lst@width=\dimen195
\lst@newlines=\count307
\lst@lineno=\count308
\lst@maxwidth=\dimen196

(C:\Users\Bagus Alifah Hasyim\AppData\Local\Programs\MiKTeX\tex/latex/listings\
lstpatch.sty
File: lstpatch.sty 2024/09/23 1.10c (Carsten Heinz)
)
(C:\Users\Bagus Alifah Hasyim\AppData\Local\Programs\MiKTeX\tex/latex/listings\
lstmisc.sty
File: lstmisc.sty 2024/09/23 1.10c (Carsten Heinz)
\c@lstnumber=\count309
\lst@skipnumbers=\count310
\lst@framebox=\box64
)
(C:\Users\Bagus Alifah Hasyim\AppData\Local\Programs\MiKTeX\tex/latex/listings\
listings.cfg
File: listings.cfg 2024/09/23 1.10c listings configuration
))
Package: listings 2024/09/23 1.10c (Carsten Heinz)

(C:\Users\Bagus Alifah Hasyim\AppData\Local\Programs\MiKTeX\tex/latex/xcolor\xc
olor.sty
Package: xcolor 2024/09/29 v3.02 LaTeX color extensions (UK)

(C:\Users\Bagus Alifah Hasyim\AppData\Local\Programs\MiKTeX\tex/latex/graphics-
cfg\color.cfg
File: color.cfg 2016/01/02 v1.6 sample color configuration
)
Package xcolor Info: Driver file: xetex.def on input line 274.

(C:\Users\Bagus Alifah Hasyim\AppData\Local\Programs\MiKTeX\tex/latex/graphics\
mathcolor.ltx)
Package xcolor Info: Model `cmy' substituted by `cmy0' on input line 1349.
Package xcolor Info: Model `RGB' extended on input line 1365.
Package xcolor Info: Model `HTML' substituted by `rgb' on input line 1367.
Package xcolor Info: Model `Hsb' substituted by `hsb' on input line 1368.
Package xcolor Info: Model `tHsb' substituted by `hsb' on input line 1369.
Package xcolor Info: Model `HSB' substituted by `hsb' on input line 1370.
Package xcolor Info: Model `Gray' substituted by `gray' on input line 1371.
Package xcolor Info: Model `wave' substituted by `hsb' on input line 1372.
)
(C:\Users\Bagus Alifah Hasyim\AppData\Local\Programs\MiKTeX\tex/latex/psnfss\pi
font.sty
Package: pifont 2020/03/25 PSNFSS-v9.3 Pi font support (SPQR) 
LaTeX Font Info:    Trying to load font information for U+pzd on input line 63.


(C:\Users\Bagus Alifah Hasyim\AppData\Local\Programs\MiKTeX\tex/latex/psnfss\up
zd.fd
File: upzd.fd 2001/06/04 font definitions for U/pzd.
)
LaTeX Font Info:    Trying to load font information for U+psy on input line 64.


(C:\Users\Bagus Alifah Hasyim\AppData\Local\Programs\MiKTeX\tex/latex/psnfss\up
sy.fd
File: upsy.fd 2001/06/04 font definitions for U/psy.
))
(C:\Users\Bagus Alifah Hasyim\AppData\Local\Programs\MiKTeX\tex/latex/biblatex\
biblatex.sty
Package: biblatex 2024/03/21 v3.20 programmable bibliographies (PK/MW)

(C:\Users\Bagus Alifah Hasyim\AppData\Local\Programs\MiKTeX\tex/generic/pdftexc
mds\pdftexcmds.sty
Package: pdftexcmds 2020-06-27 v0.33 Utility functions of pdfTeX for LuaTeX (HO
)

(C:\Users\Bagus Alifah Hasyim\AppData\Local\Programs\MiKTeX\tex/generic/infware
rr\infwarerr.sty
Package: infwarerr 2019/12/03 v1.5 Providing info/warning/error messages (HO)
)
(C:\Users\Bagus Alifah Hasyim\AppData\Local\Programs\MiKTeX\tex/generic/ltxcmds
\ltxcmds.sty
Package: ltxcmds 2023-12-04 v1.26 LaTeX kernel commands for general use (HO)
)
Package pdftexcmds Info: \pdf@primitive is available.
Package pdftexcmds Info: \pdf@ifprimitive is available.
Package pdftexcmds Info: \pdfdraftmode not found.
)
(C:\Users\Bagus Alifah Hasyim\AppData\Local\Programs\MiKTeX\tex/latex/etoolbox\
etoolbox.sty
Package: etoolbox 2025/02/11 v2.5l e-TeX tools for LaTeX (JAW)
\etb@tempcnta=\count311
)
(C:\Users\Bagus Alifah Hasyim\AppData\Local\Programs\MiKTeX\tex/latex/kvoptions
\kvoptions.sty
Package: kvoptions 2022-06-15 v3.15 Key value format for package options (HO)

(C:\Users\Bagus Alifah Hasyim\AppData\Local\Programs\MiKTeX\tex/latex/kvsetkeys
\kvsetkeys.sty
Package: kvsetkeys 2022-10-05 v1.19 Key value parser (HO)
))
(C:\Users\Bagus Alifah Hasyim\AppData\Local\Programs\MiKTeX\tex/latex/logreq\lo
greq.sty
Package: logreq 2010/08/04 v1.0 xml request logger
\lrq@indent=\count312

(C:\Users\Bagus Alifah Hasyim\AppData\Local\Programs\MiKTeX\tex/latex/logreq\lo
greq.def
File: logreq.def 2010/08/04 v1.0 logreq spec v1.0
))
(C:\Users\Bagus Alifah Hasyim\AppData\Local\Programs\MiKTeX\tex/latex/base\ifth
en.sty
Package: ifthen 2024/03/16 v1.1e Standard LaTeX ifthen package (DPC)
)
(C:\Users\Bagus Alifah Hasyim\AppData\Local\Programs\MiKTeX\tex/latex/url\url.s
ty
\Urlmuskip=\muskip18
Package: url 2013/09/16  ver 3.4  Verb mode for urls, etc.
)
\c@tabx@nest=\count313
\c@listtotal=\count314
\c@listcount=\count315
\c@liststart=\count316
\c@liststop=\count317
\c@citecount=\count318
\c@citetotal=\count319
\c@multicitecount=\count320
\c@multicitetotal=\count321
\c@instcount=\count322
\c@maxnames=\count323
\c@minnames=\count324
\c@maxitems=\count325
\c@minitems=\count326
\c@citecounter=\count327
\c@maxcitecounter=\count328
\c@savedcitecounter=\count329
\c@uniquelist=\count330
\c@uniquename=\count331
\c@refsection=\count332
\c@refsegment=\count333
\c@maxextratitle=\count334
\c@maxextratitleyear=\count335
\c@maxextraname=\count336
\c@maxextradate=\count337
\c@maxextraalpha=\count338
\c@abbrvpenalty=\count339
\c@highnamepenalty=\count340
\c@lownamepenalty=\count341
\c@maxparens=\count342
\c@parenlevel=\count343
\blx@tempcnta=\count344
\blx@tempcntb=\count345
\blx@tempcntc=\count346
\c@blx@maxsection=\count347
\blx@maxsegment@0=\count348
\blx@notetype=\count349
\blx@parenlevel@text=\count350
\blx@parenlevel@foot=\count351
\blx@sectionciteorder@0=\count352
\blx@sectionciteorderinternal@0=\count353
\blx@entrysetcounter=\count354
\blx@biblioinstance=\count355
\labelnumberwidth=\skip60
\labelalphawidth=\skip61
\biblabelsep=\skip62
\bibitemsep=\skip63
\bibnamesep=\skip64
\bibinitsep=\skip65
\bibparsep=\skip66
\bibhang=\skip67
\blx@bcfin=\read2
\blx@bcfout=\write3
\blx@langwohyphens=\language79
\c@mincomprange=\count356
\c@maxcomprange=\count357
\c@mincompwidth=\count358
Package biblatex Info: Trying to load biblatex default data model...
Package biblatex Info: ... file 'blx-dm.def' found.

(C:\Users\Bagus Alifah Hasyim\AppData\Local\Programs\MiKTeX\tex/latex/biblatex\
blx-dm.def
File: blx-dm.def 2024/03/21 v3.20 biblatex datamodel (PK/MW)
)
Package biblatex Info: Trying to load biblatex custom data model...
Package biblatex Info: ... file 'biblatex-dm.cfg' not found.
\c@afterword=\count359
\c@savedafterword=\count360
\c@annotator=\count361
\c@savedannotator=\count362
\c@author=\count363
\c@savedauthor=\count364
\c@bookauthor=\count365
\c@savedbookauthor=\count366
\c@commentator=\count367
\c@savedcommentator=\count368
\c@editor=\count369
\c@savededitor=\count370
\c@editora=\count371
\c@savededitora=\count372
\c@editorb=\count373
\c@savededitorb=\count374
\c@editorc=\count375
\c@savededitorc=\count376
\c@foreword=\count377
\c@savedforeword=\count378
\c@holder=\count379
\c@savedholder=\count380
\c@introduction=\count381
\c@savedintroduction=\count382
\c@namea=\count383
\c@savednamea=\count384
\c@nameb=\count385
\c@savednameb=\count386
\c@namec=\count387
\c@savednamec=\count388
\c@translator=\count389
\c@savedtranslator=\count390
\c@shortauthor=\count391
\c@savedshortauthor=\count392
\c@shorteditor=\count393
\c@savedshorteditor=\count394
\c@labelname=\count395
\c@savedlabelname=\count396
\c@institution=\count397
\c@savedinstitution=\count398
\c@lista=\count399
\c@savedlista=\count400
\c@listb=\count401
\c@savedlistb=\count402
\c@listc=\count403
\c@savedlistc=\count404
\c@listd=\count405
\c@savedlistd=\count406
\c@liste=\count407
\c@savedliste=\count408
\c@listf=\count409
\c@savedlistf=\count410
\c@location=\count411
\c@savedlocation=\count412
\c@organization=\count413
\c@savedorganization=\count414
\c@origlocation=\count415
\c@savedoriglocation=\count416
\c@origpublisher=\count417
\c@savedorigpublisher=\count418
\c@publisher=\count419
\c@savedpublisher=\count420
\c@language=\count421
\c@savedlanguage=\count422
\c@origlanguage=\count423
\c@savedoriglanguage=\count424
\c@pageref=\count425
\c@savedpageref=\count426
\shorthandwidth=\skip68
\shortjournalwidth=\skip69
\shortserieswidth=\skip70
\shorttitlewidth=\skip71
\shortauthorwidth=\skip72
\shorteditorwidth=\skip73
\locallabelnumberwidth=\skip74
\locallabelalphawidth=\skip75
\localshorthandwidth=\skip76
\localshortjournalwidth=\skip77
\localshortserieswidth=\skip78
\localshorttitlewidth=\skip79
\localshortauthorwidth=\skip80
\localshorteditorwidth=\skip81
Package biblatex Info: Trying to load enhanced support for Unicode engines...
Package biblatex Info: ... file 'blx-unicode.def' found.

(C:\Users\Bagus Alifah Hasyim\AppData\Local\Programs\MiKTeX\tex/latex/biblatex\
blx-unicode.def)
Package biblatex Info: Trying to load compatibility code...
Package biblatex Info: ... file 'blx-compat.def' found.

(C:\Users\Bagus Alifah Hasyim\AppData\Local\Programs\MiKTeX\tex/latex/biblatex\
blx-compat.def
File: blx-compat.def 2024/03/21 v3.20 biblatex compatibility (PK/MW)
)
Package biblatex Info: Trying to load generic definitions...
Package biblatex Info: ... file 'biblatex.def' found.

(C:\Users\Bagus Alifah Hasyim\AppData\Local\Programs\MiKTeX\tex/latex/biblatex\
biblatex.def
File: biblatex.def 2024/03/21 v3.20 biblatex compatibility (PK/MW)
\c@textcitecount=\count427
\c@textcitetotal=\count428
\c@textcitemaxnames=\count429
\c@biburlbigbreakpenalty=\count430
\c@biburlbreakpenalty=\count431
\c@biburlnumpenalty=\count432
\c@biburlucpenalty=\count433
\c@biburllcpenalty=\count434
\biburlbigskip=\muskip19
\biburlnumskip=\muskip20
\biburlucskip=\muskip21
\biburllcskip=\muskip22
\c@smartand=\count435
)
Package biblatex Info: Trying to load bibliography style 'numeric'...
Package biblatex Info: ... file 'numeric.bbx' found.

(C:\Users\Bagus Alifah Hasyim\AppData\Local\Programs\MiKTeX\tex/latex/biblatex/
bbx\numeric.bbx
File: numeric.bbx 2024/03/21 v3.20 biblatex bibliography style (PK/MW)
Package biblatex Info: Trying to load bibliography style 'standard'...
Package biblatex Info: ... file 'standard.bbx' found.

(C:\Users\Bagus Alifah Hasyim\AppData\Local\Programs\MiKTeX\tex/latex/biblatex/
bbx\standard.bbx
File: standard.bbx 2024/03/21 v3.20 biblatex bibliography style (PK/MW)
\c@bbx:relatedcount=\count436
\c@bbx:relatedtotal=\count437
))
Package biblatex Info: Trying to load citation style 'numeric'...
Package biblatex Info: ... file 'numeric.cbx' found.

(C:\Users\Bagus Alifah Hasyim\AppData\Local\Programs\MiKTeX\tex/latex/biblatex/
cbx\numeric.cbx
File: numeric.cbx 2024/03/21 v3.20 biblatex citation style (PK/MW)
Package biblatex Info: Redefining '\cite'.
Package biblatex Info: Redefining '\parencite'.
Package biblatex Info: Redefining '\footcite'.
Package biblatex Info: Redefining '\footcitetext'.
Package biblatex Info: Redefining '\smartcite'.
Package biblatex Info: Redefining '\supercite'.
Package biblatex Info: Redefining '\textcite'.
Package biblatex Info: Redefining '\textcites'.
Package biblatex Info: Redefining '\cites'.
Package biblatex Info: Redefining '\parencites'.
Package biblatex Info: Redefining '\smartcites'.
)
Package biblatex Info: Trying to load configuration file...
Package biblatex Info: ... file 'biblatex.cfg' found.

(C:\Users\Bagus Alifah Hasyim\AppData\Local\Programs\MiKTeX\tex/latex/biblatex\
biblatex.cfg
File: biblatex.cfg 
)
Package biblatex Info: XeTeX detected.
(biblatex)             Assuming input encoding 'utf8'.
Package biblatex Info: Document encoding is UTF8 ....

(C:\Users\Bagus Alifah Hasyim\AppData\Local\Programs\MiKTeX\tex/latex/l3kernel\
expl3.sty
Package: expl3 2025-04-29 L3 programming layer (loader) 

(C:\Users\Bagus Alifah Hasyim\AppData\Local\Programs\MiKTeX\tex/latex/l3backend
\l3backend-xetex.def
File: l3backend-xetex.def 2025-04-14 L3 backend support: XeTeX
\g__graphics_track_int=\count438
\g__pdfannot_backend_int=\count439
\g__pdfannot_backend_link_int=\count440
))
Package biblatex Info: ... and expl3
(biblatex)             2025-04-29 L3 programming layer (loader) 
(biblatex)             is new enough (at least 2020/04/06),
(biblatex)             setting 'casechanger=expl3'.

(C:\Users\Bagus Alifah Hasyim\AppData\Local\Programs\MiKTeX\tex/latex/biblatex\
blx-case-expl3.sty
(C:\Users\Bagus Alifah Hasyim\AppData\Local\Programs\MiKTeX\tex/latex/l3package
s/xparse\xparse.sty
Package: xparse 2024-08-16 L3 Experimental document command parser
)
Package: blx-case-expl3 2024/03/21 v3.20 expl3 case changing code for biblatex
))
\llabelsep=\skip82
\@quotelevel=\count441
\@quotereset=\count442
 (main.aux

LaTeX Warning: Label `fig:S22_Mesh1-4' multiply defined.

)
\openout1 = `main.aux'.

LaTeX Font Info:    Checking defaults for OML/cmm/m/it on input line 61.
LaTeX Font Info:    ... okay on input line 61.
LaTeX Font Info:    Checking defaults for OMS/cmsy/m/n on input line 61.
LaTeX Font Info:    ... okay on input line 61.
LaTeX Font Info:    Checking defaults for OT1/cmr/m/n on input line 61.
LaTeX Font Info:    ... okay on input line 61.
LaTeX Font Info:    Checking defaults for T1/cmr/m/n on input line 61.
LaTeX Font Info:    ... okay on input line 61.
LaTeX Font Info:    Checking defaults for TS1/cmr/m/n on input line 61.
LaTeX Font Info:    ... okay on input line 61.
LaTeX Font Info:    Checking defaults for TU/lmr/m/n on input line 61.
LaTeX Font Info:    ... okay on input line 61.
LaTeX Font Info:    Checking defaults for OMX/cmex/m/n on input line 61.
LaTeX Font Info:    ... okay on input line 61.
LaTeX Font Info:    Checking defaults for U/cmr/m/n on input line 61.
LaTeX Font Info:    ... okay on input line 61.
Package caption Info: Begin \AtBeginDocument code.
Package caption Info: float package is loaded.
Package caption Info: listings package is loaded.
Package caption Info: longtable package is loaded.

(C:\Users\Bagus Alifah Hasyim\AppData\Local\Programs\MiKTeX\tex/latex/caption\l
tcaption.sty
Package: ltcaption 2021/01/08 v1.4c longtable captions (AR)
)
Package caption Info: End \AtBeginDocument code.

*geometry* driver: auto-detecting
*geometry* detected driver: xetex
*geometry* verbose mode - [ preamble ] result:
* driver: xetex
* paper: <default>
* layout: <same size as paper>
* layoutoffset:(h,v)=(0.0pt,0.0pt)
* modes: 
* h-part:(L,W,R)=(72.26999pt, 469.75502pt, 72.26999pt)
* v-part:(T,H,B)=(72.26999pt, 650.43001pt, 72.26999pt)
* \paperwidth=614.295pt
* \paperheight=794.96999pt
* \textwidth=469.75502pt
* \textheight=650.43001pt
* \oddsidemargin=0.0pt
* \evensidemargin=0.0pt
* \topmargin=-37.0pt
* \headheight=12.0pt
* \headsep=25.0pt
* \topskip=12.0pt
* \footskip=30.0pt
* \marginparwidth=44.0pt
* \marginparsep=10.0pt
* \columnsep=10.0pt
* \skip\footins=10.8pt plus 4.0pt minus 2.0pt
* \hoffset=0.0pt
* \voffset=0.0pt
* \mag=1000
* \@twocolumnfalse
* \@twosidefalse
* \@mparswitchfalse
* \@reversemarginfalse
* (1in=72.27pt=25.4mm, 1cm=28.453pt)

\c@lstlisting=\count443
Package biblatex Info: Trying to load language 'english'...
Package biblatex Info: ... file 'english.lbx' found.

(C:\Users\Bagus Alifah Hasyim\AppData\Local\Programs\MiKTeX\tex/latex/biblatex/
lbx\english.lbx
File: english.lbx 2024/03/21 v3.20 biblatex localization (PK/MW)
)
Package biblatex Info: XeTeX detected.
(biblatex)             Assuming input encoding 'utf8'.
Package biblatex Info: Automatic encoding selection.
(biblatex)             Assuming data encoding 'utf8'.
\openout3 = `main.bcf'.

Package biblatex Info: Trying to load bibliographic data...
Package biblatex Info: ... file 'main.bbl' found.
 (main.bbl)
Package biblatex Info: Reference section=0 on input line 61.
Package biblatex Info: Reference segment=0 on input line 61.
\c@llabel=\count444


[1

]
File: images/GeoDef.png Graphic file (type bmp)
<images/GeoDef.png>


[2]

[3]
File: images/MESH_Base.png Graphic file (type bmp)
<images/MESH_Base.png>


[4]

[5]
File: images/Mesh1.png Graphic file (type bmp)
<images/Mesh1.png>
File: images/Mesh2.png Graphic file (type bmp)
<images/Mesh2.png>
File: images/Mesh3.png Graphic file (type bmp)
<images/Mesh3.png>
File: images/Mesh4.png Graphic file (type bmp)
<images/Mesh4.png>
File: images/Mesh5.png Graphic file (type bmp)
<images/Mesh5.png>
File: images/Mesh6.png Graphic file (type bmp)
<images/Mesh6.png>
File: images/Mesh7.png Graphic file (type bmp)
<images/Mesh7.png>
File: images/Mesh8.png Graphic file (type bmp)
<images/Mesh8.png>


[6]

[7]
File: images/S22_Mesh1.png Graphic file (type bmp)
<images/S22_Mesh1.png>
File: images/S22_Mesh2.png Graphic file (type bmp)
<images/S22_Mesh2.png>
File: images/S22_Mesh3.png Graphic file (type bmp)
<images/S22_Mesh3.png>
File: images/S22_Mesh4.png Graphic file (type bmp)
<images/S22_Mesh4.png>
File: images/S22_Mesh5.png Graphic file (type bmp)
<images/S22_Mesh5.png>
File: images/S22_Mesh6.png Graphic file (type bmp)
<images/S22_Mesh6.png>
File: images/S22_Mesh7.png Graphic file (type bmp)
<images/S22_Mesh7.png>
File: images/S22_Mesh8.png Graphic file (type bmp)
<images/S22_Mesh8.png>


[8]

[9]
File: images/StressConc.png Graphic file (type bmp)
<images/StressConc.png>
File: images/Kt.png Graphic file (type bmp)
<images/Kt.png>


[10]
File: images/Kt_Graph.png Graphic file (type bmp)
<images/Kt_Graph.png>


[11]
File: images/quad_mesh.png Graphic file (type bmp)
<images/quad_mesh.png>
File: images/quad.png Graphic file (type bmp)
<images/quad.png>


[12]
File: images/S22_Mesh3.png Graphic file (type bmp)
<images/S22_Mesh3.png>
File: images/S22_Mesh3_Quad.png Graphic file (type bmp)
<images/S22_Mesh3_Quad.png>


[13]
File: visualize_tensileGraph/res/cyclic_amplitude.png Graphic file (type bmp)
<visualize_tensileGraph/res/cyclic_amplitude.png>


[14]
File: visualize_tensileGraph/res/Iso_Hard.png Graphic file (type bmp)
<visualize_tensileGraph/res/Iso_Hard.png>


LaTeX Warning: Reference `tab:materialQ2-properties' on page 15 undefined on in
put line 557.


LaTeX Warning: Reference `tab:materialQ2-properties' on page 15 undefined on in
put line 557.



[15]
File: visualize_tensileGraph/res/Kin_Hard.png Graphic file (type bmp)
<visualize_tensileGraph/res/Kin_Hard.png>


LaTeX Warning: Reference `tab:materialQ2-properties' on page 16 undefined on in
put line 587.


LaTeX Warning: Reference `tab:materialQ2-properties' on page 16 undefined on in
put line 587.



[16]
File: visualize_tensileGraph/res/Iso_Kinem_Comparison.png Graphic file (type bm
p)
<visualize_tensileGraph/res/Iso_Kinem_Comparison.png>


[17]
File: visualize_tensileGraph/res/Com_Hard.png Graphic file (type bmp)
<visualize_tensileGraph/res/Com_Hard.png>
File: visualize_tensileGraph/res/Hardening_Graph.png Graphic file (type bmp)
<visualize_tensileGraph/res/Hardening_Graph.png>


[18]

[19]
(C:\Users\Bagus Alifah Hasyim\AppData\Local\Programs\MiKTeX\tex/latex/listings\
lstlang1.sty
File: lstlang1.sty 2024/09/23 1.10c listings language file
)
(C:\Users\Bagus Alifah Hasyim\AppData\Local\Programs\MiKTeX\tex/latex/listings\
lstlang1.sty
File: lstlang1.sty 2024/09/23 1.10c listings language file
)

Package Listings Warning: Text dropped after begin of listing on input line 691
.


Overfull \hbox (5.44981pt too wide) in paragraph at lines 692--693
[][][][][][] 
 []


Overfull \hbox (5.44981pt too wide) in paragraph at lines 700--701
[][][][][][] 
 []


Package Listings Warning: Text dropped after begin of listing on input line 715
.


Package Listings Warning: Text dropped after begin of listing on input line 738
.



[20]

[21]
File: visualize_tensileGraph/res/TrueStressStrain.png Graphic file (type bmp)
<visualize_tensileGraph/res/TrueStressStrain.png>


[22]
File: images/Q3-3/MISES_1.png Graphic file (type bmp)
<images/Q3-3/MISES_1.png>
File: images/Q3-3/MISES_2.png Graphic file (type bmp)
<images/Q3-3/MISES_2.png>
File: images/Q3-3/MISES_3.png Graphic file (type bmp)
<images/Q3-3/MISES_3.png>
File: images/Q3-3/MISES_4.png Graphic file (type bmp)
<images/Q3-3/MISES_4.png>


[23]
File: images/Q3-3/PEEQ_1.png Graphic file (type bmp)
<images/Q3-3/PEEQ_1.png>
File: images/Q3-3/PEEQ_2.png Graphic file (type bmp)
<images/Q3-3/PEEQ_2.png>
File: images/Q3-3/PEEQ_3.png Graphic file (type bmp)
<images/Q3-3/PEEQ_3.png>
File: images/Q3-3/PEEQ_4.png Graphic file (type bmp)
<images/Q3-3/PEEQ_4.png>


[24]
File: images/Q3-4/SDV1.png Graphic file (type bmp)
<images/Q3-4/SDV1.png>
File: images/Q3-4/SDV2.png Graphic file (type bmp)
<images/Q3-4/SDV2.png>
File: images/Q3-4/SDV3.png Graphic file (type bmp)
<images/Q3-4/SDV3.png>
File: images/Q3-4/SDV4.png Graphic file (type bmp)
<images/Q3-4/SDV4.png>
File: images/Q3-4/SDV5.png Graphic file (type bmp)
<images/Q3-4/SDV5.png>
File: images/Q3-4/SDV6.png Graphic file (type bmp)
<images/Q3-4/SDV6.png>


[25]
File: images/Q3-4/SDV7.png Graphic file (type bmp)
<images/Q3-4/SDV7.png>
File: images/Q3-4/SDV8.png Graphic file (type bmp)
<images/Q3-4/SDV8.png>
File: images/Q3-4/SDV9.png Graphic file (type bmp)
<images/Q3-4/SDV9.png>


[26]

[27]

[28] (main.aux)
 ***********
LaTeX2e <2024-11-01> patch level 2
L3 programming layer <2025-04-29>
 ***********


LaTeX Warning: There were undefined references.


LaTeX Warning: There were multiply-defined labels.

Package logreq Info: Writing requests to 'main.run.xml'.
\openout1 = `main.run.xml'.

 ) 
Here is how much of TeX's memory you used:
 14717 strings out of 405039
 267074 string characters out of 5496419
 1126409 words of memory out of 5000000
 41182 multiletter control sequences out of 15000+600000
 632393 words of font info for 72 fonts, out of 8000000 for 9000
 1348 hyphenation exceptions out of 8191
 60i,12n,66p,872b,1324s stack positions out of 10000i,1000n,20000p,200000b,200000s

Output written on main.pdf (28 pages).
